  main.cpp
c:\users\paulm\onedrive\바탕 화면\dabal\dabal\main.cpp(68): warning C4244: '인수': 'double'에서 '_Ty'(으)로 변환하면서 데이터가 손실될 수 있습니다.
          with
          [
              _Ty=float
          ]
c:\users\paulm\onedrive\바탕 화면\dabal\dabal\main.cpp(75): warning C4244: '=': 'double'에서 '_Ty'(으)로 변환하면서 데이터가 손실될 수 있습니다.
          with
          [
              _Ty=float
          ]
c:\users\paulm\onedrive\바탕 화면\dabal\dabal\main.cpp(133): warning C4244: '인수': 'double'에서 '_Ty'(으)로 변환하면서 데이터가 손실될 수 있습니다.
          with
          [
              _Ty=float
          ]
c:\users\paulm\onedrive\바탕 화면\dabal\dabal\main.cpp(140): warning C4244: '=': 'double'에서 '_Ty'(으)로 변환하면서 데이터가 손실될 수 있습니다.
          with
          [
              _Ty=float
          ]
c:\program files (x86)\microsoft visual studio\2017\community\vc\tools\msvc\14.16.27023\include\numeric(164): warning C4244: '=': '_Ty2'에서 '_Ty'(으)로 변환하면서 데이터가 손실될 수 있습니다.
          with
          [
              _Ty2=float
          ]
          and
          [
              _Ty=int
          ]
  c:\program files (x86)\microsoft visual studio\2017\community\vc\tools\msvc\14.16.27023\include\numeric(191): note: 컴파일 중인 함수 템플릿 인스턴스화 '_Ty std::inner_product<_InIt1,_InIt2,int,std::plus<void>,std::multiplies<void>>(_InIt1,_InIt1,_InIt2,_Ty,_BinOp1,_BinOp2)'에 대한 참조를 확인하십시오.
          with
          [
              _Ty=int,
              _InIt1=std::_Vector_iterator<std::_Vector_val<std::_Simple_types<float>>>,
              _InIt2=std::_Vector_iterator<std::_Vector_val<std::_Simple_types<float>>>,
              _BinOp1=std::plus<void>,
              _BinOp2=std::multiplies<void>
          ]
  c:\users\paulm\onedrive\바탕 화면\dabal\dabal\main.cpp(327): note: 컴파일 중인 함수 템플릿 인스턴스화 '_Ty std::inner_product<std::_Vector_iterator<std::_Vector_val<std::_Simple_types<float>>>,std::_Vector_iterator<std::_Vector_val<std::_Simple_types<float>>>,int>(const _InIt1,const _InIt1,const _InIt2,_Ty)'에 대한 참조를 확인하십시오.
          with
          [
              _Ty=int,
              _InIt1=std::_Vector_iterator<std::_Vector_val<std::_Simple_types<float>>>,
              _InIt2=std::_Vector_iterator<std::_Vector_val<std::_Simple_types<float>>>
          ]
  Dabal.vcxproj -> C:\Users\paulm\OneDrive\바탕 화면\Dabal\Debug\Dabal.exe
